<?xml version="1.0" encoding="UTF-8"?>
<testng-results skipped="0" failed="0" ignored="0" total="1" passed="1">
  <reporter-output>
  </reporter-output>
  <suite name="Default suite" duration-ms="14952" started-at="2020-09-22T19:16:52 CDT" finished-at="2020-09-22T19:17:07 CDT">
    <groups>
    </groups>
    <test name="Default test" duration-ms="14952" started-at="2020-09-22T19:16:52 CDT" finished-at="2020-09-22T19:17:07 CDT">
      <class name="SQL_Test.Test_CustomerTest">
        <test-method status="PASS" signature="Testing()[pri:0, instance:SQL_Test.Test_CustomerTest@79be0360]" name="Testing" duration-ms="14919" started-at="2020-09-22T19:16:52 CDT" finished-at="2020-09-22T19:17:07 CDT">
          <reporter-output>
          </reporter-output>
        </test-method> <!-- Testing -->
      </class> <!-- SQL_Test.Test_CustomerTest -->
    </test> <!-- Default test -->
  </suite> <!-- Default suite -->
</testng-results>
